<?xml version="1.0" encoding="UTF-8"?>
<!-- Generated by org.testng.reporters.JUnitXMLReporter -->
<testsuite ignored="0" hostname="VISHAL-PATEL" failures="4" tests="6" name="Surefire test" time="169.259" errors="0" timestamp="12 Jul 2023 02:20:09 GMT">
  <testcase classname="qa.testcases.HomePageTest" name="CustomerNameTest" time="20.021">
    <failure type="org.openqa.selenium.NoSuchElementException" message="Unable to locate element: //span[contains(text(),&amp;apos;Hello, Vishal&amp;apos;)]
For documentation on this error, please visit: https://selenium.dev/exceptions/#no_such_element
Build info: version: &amp;apos;4.9.0&amp;apos;, revision: &amp;apos;d7057100a6&amp;apos;
System info: os.name: &amp;apos;Windows 10&amp;apos;, os.arch: &amp;apos;amd64&amp;apos;, os.version: &amp;apos;10.0&amp;apos;, java.version: &amp;apos;19.0.1&amp;apos;
Driver info: org.openqa.selenium.firefox.FirefoxDriver
Command: [be849ad7-d80d-4544-8a27-398a830bde94, findElement {using=xpath, value=//span[contains(text(),&amp;apos;Hello, Vishal&amp;apos;)]}]
Capabilities {acceptInsecureCerts: true, browserName: firefox, browserVersion: 115.0.1, moz:accessibilityChecks: false, moz:buildID: 20230706202047, moz:debuggerAddress: 127.0.0.1:45403, moz:geckodriverVersion: 0.33.0, moz:headless: false, moz:platformVersion: 10.0, moz:processID: 18664, moz:profile: C:\Users\Vishal\AppData\Loc..., moz:shutdownTimeout: 60000, moz:useNonSpecCompliantPointerOrigin: false, moz:webdriverClick: true, moz:windowless: false, pageLoadStrategy: normal, platformName: WINDOWS, proxy: Proxy(), se:cdp: ws://127.0.0.1:45403/devtoo..., se:cdpVersion: 85.0, setWindowRect: true, strictFileInteractability: false, timeouts: {implicit: 0, pageLoad: 300000, script: 30000}, unhandledPromptBehavior: dismiss and notify}
Session ID: be849ad7-d80d-4544-8a27-398a830bde94">
      <![CDATA[org.openqa.selenium.NoSuchElementException: Unable to locate element: //span[contains(text(),'Hello, Vishal')]
For documentation on this error, please visit: https://selenium.dev/exceptions/#no_such_element
Build info: version: '4.9.0', revision: 'd7057100a6'
System info: os.name: 'Windows 10', os.arch: 'amd64', os.version: '10.0', java.version: '19.0.1'
Driver info: org.openqa.selenium.firefox.FirefoxDriver
Command: [be849ad7-d80d-4544-8a27-398a830bde94, findElement {using=xpath, value=//span[contains(text(),'Hello, Vishal')]}]
Capabilities {acceptInsecureCerts: true, browserName: firefox, browserVersion: 115.0.1, moz:accessibilityChecks: false, moz:buildID: 20230706202047, moz:debuggerAddress: 127.0.0.1:45403, moz:geckodriverVersion: 0.33.0, moz:headless: false, moz:platformVersion: 10.0, moz:processID: 18664, moz:profile: C:\Users\Vishal\AppData\Loc..., moz:shutdownTimeout: 60000, moz:useNonSpecCompliantPointerOrigin: false, moz:webdriverClick: true, moz:windowless: false, pageLoadStrategy: normal, platformName: WINDOWS, proxy: Proxy(), se:cdp: ws://127.0.0.1:45403/devtoo..., se:cdpVersion: 85.0, setWindowRect: true, strictFileInteractability: false, timeouts: {implicit: 0, pageLoad: 300000, script: 30000}, unhandledPromptBehavior: dismiss and notify}
Session ID: be849ad7-d80d-4544-8a27-398a830bde94
at org.openqa.selenium.remote.codec.w3c.W3CHttpResponseCodec.createException(W3CHttpResponseCodec.java:200)
at org.openqa.selenium.remote.codec.w3c.W3CHttpResponseCodec.decode(W3CHttpResponseCodec.java:133)
at org.openqa.selenium.remote.codec.w3c.W3CHttpResponseCodec.decode(W3CHttpResponseCodec.java:53)
at org.openqa.selenium.remote.HttpCommandExecutor.execute(HttpCommandExecutor.java:193)
at org.openqa.selenium.remote.service.DriverCommandExecutor.invokeExecute(DriverCommandExecutor.java:183)
at org.openqa.selenium.remote.service.DriverCommandExecutor.execute(DriverCommandExecutor.java:158)
at org.openqa.selenium.remote.RemoteWebDriver.execute(RemoteWebDriver.java:543)
at org.openqa.selenium.remote.ElementLocation$ElementFinder$2.findElement(ElementLocation.java:162)
at org.openqa.selenium.remote.ElementLocation.findElement(ElementLocation.java:60)
at org.openqa.selenium.remote.RemoteWebDriver.findElement(RemoteWebDriver.java:352)
at org.openqa.selenium.remote.RemoteWebDriver.findElement(RemoteWebDriver.java:344)
at org.openqa.selenium.support.pagefactory.DefaultElementLocator.findElement(DefaultElementLocator.java:70)
at org.openqa.selenium.support.pagefactory.internal.LocatingElementHandler.invoke(LocatingElementHandler.java:39)
at jdk.proxy2/jdk.proxy2.$Proxy16.isDisplayed(Unknown Source)
at qa.pages.HomePage.validateCustomerName(HomePage.java:41)
at qa.testcases.HomePageTest.CustomerNameTest(HomePageTest.java:33)
... Removed 31 stack frames]]>
    </failure>
  </testcase> <!-- CustomerNameTest -->
  <testcase classname="qa.testcases.LoginPageTest" name="loginPageTitleTest" time="0.005"/>
  <testcase classname="qa.testcases.OrderPageTest" name="searchResults" time="20.03">
    <failure type="org.openqa.selenium.NoSuchElementException" message="Unable to locate element: //input[@placeholder=&amp;apos;Search Amazon&amp;apos;]
For documentation on this error, please visit: https://selenium.dev/exceptions/#no_such_element
Build info: version: &amp;apos;4.9.0&amp;apos;, revision: &amp;apos;d7057100a6&amp;apos;
System info: os.name: &amp;apos;Windows 10&amp;apos;, os.arch: &amp;apos;amd64&amp;apos;, os.version: &amp;apos;10.0&amp;apos;, java.version: &amp;apos;19.0.1&amp;apos;
Driver info: org.openqa.selenium.firefox.FirefoxDriver
Command: [58cb1686-b09c-41ff-9b49-c72bec15be7b, findElement {using=xpath, value=//input[@placeholder=&amp;apos;Search Amazon&amp;apos;]}]
Capabilities {acceptInsecureCerts: true, browserName: firefox, browserVersion: 115.0.1, moz:accessibilityChecks: false, moz:buildID: 20230706202047, moz:debuggerAddress: 127.0.0.1:35709, moz:geckodriverVersion: 0.33.0, moz:headless: false, moz:platformVersion: 10.0, moz:processID: 5980, moz:profile: C:\Users\Vishal\AppData\Loc..., moz:shutdownTimeout: 60000, moz:useNonSpecCompliantPointerOrigin: false, moz:webdriverClick: true, moz:windowless: false, pageLoadStrategy: normal, platformName: WINDOWS, proxy: Proxy(), se:cdp: ws://127.0.0.1:35709/devtoo..., se:cdpVersion: 85.0, setWindowRect: true, strictFileInteractability: false, timeouts: {implicit: 0, pageLoad: 300000, script: 30000}, unhandledPromptBehavior: dismiss and notify}
Session ID: 58cb1686-b09c-41ff-9b49-c72bec15be7b">
      <![CDATA[org.openqa.selenium.NoSuchElementException: Unable to locate element: //input[@placeholder='Search Amazon']
For documentation on this error, please visit: https://selenium.dev/exceptions/#no_such_element
Build info: version: '4.9.0', revision: 'd7057100a6'
System info: os.name: 'Windows 10', os.arch: 'amd64', os.version: '10.0', java.version: '19.0.1'
Driver info: org.openqa.selenium.firefox.FirefoxDriver
Command: [58cb1686-b09c-41ff-9b49-c72bec15be7b, findElement {using=xpath, value=//input[@placeholder='Search Amazon']}]
Capabilities {acceptInsecureCerts: true, browserName: firefox, browserVersion: 115.0.1, moz:accessibilityChecks: false, moz:buildID: 20230706202047, moz:debuggerAddress: 127.0.0.1:35709, moz:geckodriverVersion: 0.33.0, moz:headless: false, moz:platformVersion: 10.0, moz:processID: 5980, moz:profile: C:\Users\Vishal\AppData\Loc..., moz:shutdownTimeout: 60000, moz:useNonSpecCompliantPointerOrigin: false, moz:webdriverClick: true, moz:windowless: false, pageLoadStrategy: normal, platformName: WINDOWS, proxy: Proxy(), se:cdp: ws://127.0.0.1:35709/devtoo..., se:cdpVersion: 85.0, setWindowRect: true, strictFileInteractability: false, timeouts: {implicit: 0, pageLoad: 300000, script: 30000}, unhandledPromptBehavior: dismiss and notify}
Session ID: 58cb1686-b09c-41ff-9b49-c72bec15be7b
at org.openqa.selenium.remote.codec.w3c.W3CHttpResponseCodec.createException(W3CHttpResponseCodec.java:200)
at org.openqa.selenium.remote.codec.w3c.W3CHttpResponseCodec.decode(W3CHttpResponseCodec.java:133)
at org.openqa.selenium.remote.codec.w3c.W3CHttpResponseCodec.decode(W3CHttpResponseCodec.java:53)
at org.openqa.selenium.remote.HttpCommandExecutor.execute(HttpCommandExecutor.java:193)
at org.openqa.selenium.remote.service.DriverCommandExecutor.invokeExecute(DriverCommandExecutor.java:183)
at org.openqa.selenium.remote.service.DriverCommandExecutor.execute(DriverCommandExecutor.java:158)
at org.openqa.selenium.remote.RemoteWebDriver.execute(RemoteWebDriver.java:543)
at org.openqa.selenium.remote.ElementLocation$ElementFinder$2.findElement(ElementLocation.java:162)
at org.openqa.selenium.remote.ElementLocation.findElement(ElementLocation.java:60)
at org.openqa.selenium.remote.RemoteWebDriver.findElement(RemoteWebDriver.java:352)
at org.openqa.selenium.remote.RemoteWebDriver.findElement(RemoteWebDriver.java:344)
at org.openqa.selenium.support.pagefactory.DefaultElementLocator.findElement(DefaultElementLocator.java:70)
at org.openqa.selenium.support.pagefactory.internal.LocatingElementHandler.invoke(LocatingElementHandler.java:39)
at jdk.proxy2/jdk.proxy2.$Proxy16.sendKeys(Unknown Source)
at qa.pages.OrderPage.Search(OrderPage.java:72)
at qa.testcases.OrderPageTest.searchResults(OrderPageTest.java:53)
... Removed 31 stack frames]]>
    </failure>
  </testcase> <!-- searchResults -->
  <testcase classname="qa.testcases.TodaysDealsPageTest" name="categoryCheckTest" time="20.007">
    <failure type="org.openqa.selenium.NoSuchElementException" message="Unable to locate element: (//div[@class=&amp;apos;nav-progressive-content&amp;apos;]//a)[1]
For documentation on this error, please visit: https://selenium.dev/exceptions/#no_such_element
Build info: version: &amp;apos;4.9.0&amp;apos;, revision: &amp;apos;d7057100a6&amp;apos;
System info: os.name: &amp;apos;Windows 10&amp;apos;, os.arch: &amp;apos;amd64&amp;apos;, os.version: &amp;apos;10.0&amp;apos;, java.version: &amp;apos;19.0.1&amp;apos;
Driver info: org.openqa.selenium.firefox.FirefoxDriver
Command: [ad9c9fdb-4dad-40d7-9977-fea560f642e8, findElement {using=xpath, value=(//div[@class=&amp;apos;nav-progressive-content&amp;apos;]//a)[1]}]
Capabilities {acceptInsecureCerts: true, browserName: firefox, browserVersion: 115.0.1, moz:accessibilityChecks: false, moz:buildID: 20230706202047, moz:debuggerAddress: 127.0.0.1:45879, moz:geckodriverVersion: 0.33.0, moz:headless: false, moz:platformVersion: 10.0, moz:processID: 2868, moz:profile: C:\Users\Vishal\AppData\Loc..., moz:shutdownTimeout: 60000, moz:useNonSpecCompliantPointerOrigin: false, moz:webdriverClick: true, moz:windowless: false, pageLoadStrategy: normal, platformName: WINDOWS, proxy: Proxy(), se:cdp: ws://127.0.0.1:45879/devtoo..., se:cdpVersion: 85.0, setWindowRect: true, strictFileInteractability: false, timeouts: {implicit: 0, pageLoad: 300000, script: 30000}, unhandledPromptBehavior: dismiss and notify}
Session ID: ad9c9fdb-4dad-40d7-9977-fea560f642e8">
      <![CDATA[org.openqa.selenium.NoSuchElementException: Unable to locate element: (//div[@class='nav-progressive-content']//a)[1]
For documentation on this error, please visit: https://selenium.dev/exceptions/#no_such_element
Build info: version: '4.9.0', revision: 'd7057100a6'
System info: os.name: 'Windows 10', os.arch: 'amd64', os.version: '10.0', java.version: '19.0.1'
Driver info: org.openqa.selenium.firefox.FirefoxDriver
Command: [ad9c9fdb-4dad-40d7-9977-fea560f642e8, findElement {using=xpath, value=(//div[@class='nav-progressive-content']//a)[1]}]
Capabilities {acceptInsecureCerts: true, browserName: firefox, browserVersion: 115.0.1, moz:accessibilityChecks: false, moz:buildID: 20230706202047, moz:debuggerAddress: 127.0.0.1:45879, moz:geckodriverVersion: 0.33.0, moz:headless: false, moz:platformVersion: 10.0, moz:processID: 2868, moz:profile: C:\Users\Vishal\AppData\Loc..., moz:shutdownTimeout: 60000, moz:useNonSpecCompliantPointerOrigin: false, moz:webdriverClick: true, moz:windowless: false, pageLoadStrategy: normal, platformName: WINDOWS, proxy: Proxy(), se:cdp: ws://127.0.0.1:45879/devtoo..., se:cdpVersion: 85.0, setWindowRect: true, strictFileInteractability: false, timeouts: {implicit: 0, pageLoad: 300000, script: 30000}, unhandledPromptBehavior: dismiss and notify}
Session ID: ad9c9fdb-4dad-40d7-9977-fea560f642e8
at org.openqa.selenium.remote.codec.w3c.W3CHttpResponseCodec.createException(W3CHttpResponseCodec.java:200)
at org.openqa.selenium.remote.codec.w3c.W3CHttpResponseCodec.decode(W3CHttpResponseCodec.java:133)
at org.openqa.selenium.remote.codec.w3c.W3CHttpResponseCodec.decode(W3CHttpResponseCodec.java:53)
at org.openqa.selenium.remote.HttpCommandExecutor.execute(HttpCommandExecutor.java:193)
at org.openqa.selenium.remote.service.DriverCommandExecutor.invokeExecute(DriverCommandExecutor.java:183)
at org.openqa.selenium.remote.service.DriverCommandExecutor.execute(DriverCommandExecutor.java:158)
at org.openqa.selenium.remote.RemoteWebDriver.execute(RemoteWebDriver.java:543)
at org.openqa.selenium.remote.ElementLocation$ElementFinder$2.findElement(ElementLocation.java:162)
at org.openqa.selenium.remote.ElementLocation.findElement(ElementLocation.java:60)
at org.openqa.selenium.remote.RemoteWebDriver.findElement(RemoteWebDriver.java:352)
at org.openqa.selenium.remote.RemoteWebDriver.findElement(RemoteWebDriver.java:344)
at org.openqa.selenium.support.pagefactory.DefaultElementLocator.findElement(DefaultElementLocator.java:70)
at org.openqa.selenium.support.pagefactory.internal.LocatingElementHandler.invoke(LocatingElementHandler.java:39)
at jdk.proxy2/jdk.proxy2.$Proxy16.click(Unknown Source)
at qa.pages.TodaysDealsPage.categoryCheck(TodaysDealsPage.java:30)
at qa.testcases.TodaysDealsPageTest.categoryCheckTest(TodaysDealsPageTest.java:35)
... Removed 31 stack frames]]>
    </failure>
  </testcase> <!-- categoryCheckTest -->
  <testcase classname="qa.testcases.HomePageTest" name="MenuTest" time="20.021">
    <failure type="org.openqa.selenium.NoSuchElementException" message="Unable to locate element: //a[@id=&amp;apos;nav-hamburger-menu&amp;apos;]
For documentation on this error, please visit: https://selenium.dev/exceptions/#no_such_element
Build info: version: &amp;apos;4.9.0&amp;apos;, revision: &amp;apos;d7057100a6&amp;apos;
System info: os.name: &amp;apos;Windows 10&amp;apos;, os.arch: &amp;apos;amd64&amp;apos;, os.version: &amp;apos;10.0&amp;apos;, java.version: &amp;apos;19.0.1&amp;apos;
Driver info: org.openqa.selenium.firefox.FirefoxDriver
Command: [39a3be6b-236c-4aee-a759-b7ecd8b401c9, findElement {using=xpath, value=//a[@id=&amp;apos;nav-hamburger-menu&amp;apos;]}]
Capabilities {acceptInsecureCerts: true, browserName: firefox, browserVersion: 115.0.1, moz:accessibilityChecks: false, moz:buildID: 20230706202047, moz:debuggerAddress: 127.0.0.1:47996, moz:geckodriverVersion: 0.33.0, moz:headless: false, moz:platformVersion: 10.0, moz:processID: 20456, moz:profile: C:\Users\Vishal\AppData\Loc..., moz:shutdownTimeout: 60000, moz:useNonSpecCompliantPointerOrigin: false, moz:webdriverClick: true, moz:windowless: false, pageLoadStrategy: normal, platformName: WINDOWS, proxy: Proxy(), se:cdp: ws://127.0.0.1:47996/devtoo..., se:cdpVersion: 85.0, setWindowRect: true, strictFileInteractability: false, timeouts: {implicit: 0, pageLoad: 300000, script: 30000}, unhandledPromptBehavior: dismiss and notify}
Session ID: 39a3be6b-236c-4aee-a759-b7ecd8b401c9">
      <![CDATA[org.openqa.selenium.NoSuchElementException: Unable to locate element: //a[@id='nav-hamburger-menu']
For documentation on this error, please visit: https://selenium.dev/exceptions/#no_such_element
Build info: version: '4.9.0', revision: 'd7057100a6'
System info: os.name: 'Windows 10', os.arch: 'amd64', os.version: '10.0', java.version: '19.0.1'
Driver info: org.openqa.selenium.firefox.FirefoxDriver
Command: [39a3be6b-236c-4aee-a759-b7ecd8b401c9, findElement {using=xpath, value=//a[@id='nav-hamburger-menu']}]
Capabilities {acceptInsecureCerts: true, browserName: firefox, browserVersion: 115.0.1, moz:accessibilityChecks: false, moz:buildID: 20230706202047, moz:debuggerAddress: 127.0.0.1:47996, moz:geckodriverVersion: 0.33.0, moz:headless: false, moz:platformVersion: 10.0, moz:processID: 20456, moz:profile: C:\Users\Vishal\AppData\Loc..., moz:shutdownTimeout: 60000, moz:useNonSpecCompliantPointerOrigin: false, moz:webdriverClick: true, moz:windowless: false, pageLoadStrategy: normal, platformName: WINDOWS, proxy: Proxy(), se:cdp: ws://127.0.0.1:47996/devtoo..., se:cdpVersion: 85.0, setWindowRect: true, strictFileInteractability: false, timeouts: {implicit: 0, pageLoad: 300000, script: 30000}, unhandledPromptBehavior: dismiss and notify}
Session ID: 39a3be6b-236c-4aee-a759-b7ecd8b401c9
at org.openqa.selenium.remote.codec.w3c.W3CHttpResponseCodec.createException(W3CHttpResponseCodec.java:200)
at org.openqa.selenium.remote.codec.w3c.W3CHttpResponseCodec.decode(W3CHttpResponseCodec.java:133)
at org.openqa.selenium.remote.codec.w3c.W3CHttpResponseCodec.decode(W3CHttpResponseCodec.java:53)
at org.openqa.selenium.remote.HttpCommandExecutor.execute(HttpCommandExecutor.java:193)
at org.openqa.selenium.remote.service.DriverCommandExecutor.invokeExecute(DriverCommandExecutor.java:183)
at org.openqa.selenium.remote.service.DriverCommandExecutor.execute(DriverCommandExecutor.java:158)
at org.openqa.selenium.remote.RemoteWebDriver.execute(RemoteWebDriver.java:543)
at org.openqa.selenium.remote.ElementLocation$ElementFinder$2.findElement(ElementLocation.java:162)
at org.openqa.selenium.remote.ElementLocation.findElement(ElementLocation.java:60)
at org.openqa.selenium.remote.RemoteWebDriver.findElement(RemoteWebDriver.java:352)
at org.openqa.selenium.remote.RemoteWebDriver.findElement(RemoteWebDriver.java:344)
at org.openqa.selenium.support.pagefactory.DefaultElementLocator.findElement(DefaultElementLocator.java:70)
at org.openqa.selenium.support.pagefactory.internal.LocatingElementHandler.invoke(LocatingElementHandler.java:39)
at jdk.proxy2/jdk.proxy2.$Proxy16.click(Unknown Source)
at qa.pages.HomePage.clickHomeMenu(HomePage.java:44)
at qa.testcases.HomePageTest.MenuTest(HomePageTest.java:39)
... Removed 31 stack frames]]>
    </failure>
  </testcase> <!-- MenuTest -->
  <testcase classname="qa.testcases.LoginPageTest" name="amazonLogoImageTest" time="0.26"/>
</testsuite> <!-- Surefire test -->
