<?xml version="1.0" encoding="UTF-8"?>
<testng-results ignored="0" total="6" passed="5" failed="1" skipped="0">
  <reporter-output>
  </reporter-output>
  <suite started-at="2023-07-09T04:08:35Z" name="Surefire suite" finished-at="2023-07-09T04:11:21Z" duration-ms="165506">
    <groups>
    </groups>
    <test started-at="2023-07-09T04:08:35Z" name="Surefire test" finished-at="2023-07-09T04:11:21Z" duration-ms="165506">
      <class name="qa.testcases.TodaysDealsPageTest">
        <test-method is-config="true" signature="setUp()[pri:0, instance:qa.testcases.TodaysDealsPageTest@6385cb26]" started-at="2023-07-09T04:09:35Z" name="setUp" finished-at="2023-07-09T04:09:48Z" duration-ms="13011" status="PASS">
          <reporter-output>
          </reporter-output>
        </test-method> <!-- setUp -->
        <test-method signature="categoryCheckTest()[pri:1, instance:qa.testcases.TodaysDealsPageTest@6385cb26]" started-at="2023-07-09T04:09:48Z" name="categoryCheckTest" finished-at="2023-07-09T04:09:58Z" duration-ms="9754" status="PASS">
          <reporter-output>
          </reporter-output>
        </test-method> <!-- categoryCheckTest -->
        <test-method is-config="true" signature="tearDown()[pri:0, instance:qa.testcases.TodaysDealsPageTest@6385cb26]" started-at="2023-07-09T04:09:58Z" name="tearDown" finished-at="2023-07-09T04:10:01Z" duration-ms="3548" status="PASS">
          <reporter-output>
          </reporter-output>
        </test-method> <!-- tearDown -->
      </class> <!-- qa.testcases.TodaysDealsPageTest -->
      <class name="qa.testcases.OrderPageTest">
        <test-method is-config="true" signature="setUp()[pri:0, instance:qa.testcases.OrderPageTest@49070868]" started-at="2023-07-09T04:09:06Z" name="setUp" finished-at="2023-07-09T04:09:21Z" duration-ms="14778" status="PASS">
          <reporter-output>
          </reporter-output>
        </test-method> <!-- setUp -->
        <test-method signature="searchResults(java.lang.String, java.lang.String, java.lang.String, java.lang.String, java.lang.String)[pri:1, instance:qa.testcases.OrderPageTest@49070868]" started-at="2023-07-09T04:09:21Z" name="searchResults" data-provider="getAmazonProductData" finished-at="2023-07-09T04:09:32Z" duration-ms="11354" status="PASS">
          <params>
            <param index="0">
              <value>
                <![CDATA[watch]]>
              </value>
            </param>
            <param index="1">
              <value>
                <![CDATA[Leather]]>
              </value>
            </param>
            <param index="2">
              <value>
                <![CDATA[Timex]]>
              </value>
            </param>
            <param index="3">
              <value>
                <![CDATA[50.0]]>
              </value>
            </param>
            <param index="4">
              <value>
                <![CDATA[200.0]]>
              </value>
            </param>
          </params>
          <reporter-output>
          </reporter-output>
        </test-method> <!-- searchResults -->
        <test-method is-config="true" signature="tearDown()[pri:0, instance:qa.testcases.OrderPageTest@49070868]" started-at="2023-07-09T04:09:32Z" name="tearDown" finished-at="2023-07-09T04:09:35Z" duration-ms="2595" status="PASS">
          <reporter-output>
          </reporter-output>
        </test-method> <!-- tearDown -->
      </class> <!-- qa.testcases.OrderPageTest -->
      <class name="qa.testcases.LoginPageTest">
        <test-method is-config="true" signature="setUp()[pri:0, instance:qa.testcases.LoginPageTest@27c6e487]" started-at="2023-07-09T04:08:53Z" name="setUp" finished-at="2023-07-09T04:09:02Z" duration-ms="8940" status="PASS">
          <reporter-output>
          </reporter-output>
        </test-method> <!-- setUp -->
        <test-method signature="loginPageTitleTest()[pri:1, instance:qa.testcases.LoginPageTest@27c6e487]" started-at="2023-07-09T04:09:02Z" name="loginPageTitleTest" finished-at="2023-07-09T04:09:02Z" duration-ms="43" status="PASS">
          <reporter-output>
          </reporter-output>
        </test-method> <!-- loginPageTitleTest -->
        <test-method is-config="true" signature="tearDown()[pri:0, instance:qa.testcases.LoginPageTest@27c6e487]" started-at="2023-07-09T04:09:02Z" name="tearDown" finished-at="2023-07-09T04:09:05Z" duration-ms="2858" status="PASS">
          <reporter-output>
          </reporter-output>
        </test-method> <!-- tearDown -->
        <test-method is-config="true" signature="setUp()[pri:0, instance:qa.testcases.LoginPageTest@27c6e487]" started-at="2023-07-09T04:11:07Z" name="setUp" finished-at="2023-07-09T04:11:16Z" duration-ms="8912" status="PASS">
          <reporter-output>
          </reporter-output>
        </test-method> <!-- setUp -->
        <test-method signature="amazonLogoImageTest()[pri:2, instance:qa.testcases.LoginPageTest@27c6e487]" started-at="2023-07-09T04:11:16Z" name="amazonLogoImageTest" finished-at="2023-07-09T04:11:16Z" duration-ms="260" status="PASS">
          <reporter-output>
          </reporter-output>
        </test-method> <!-- amazonLogoImageTest -->
        <test-method is-config="true" signature="tearDown()[pri:0, instance:qa.testcases.LoginPageTest@27c6e487]" started-at="2023-07-09T04:11:16Z" name="tearDown" finished-at="2023-07-09T04:11:21Z" duration-ms="4458" status="PASS">
          <reporter-output>
          </reporter-output>
        </test-method> <!-- tearDown -->
      </class> <!-- qa.testcases.LoginPageTest -->
      <class name="qa.testcases.HomePageTest">
        <test-method is-config="true" signature="setUp()[pri:0, instance:qa.testcases.HomePageTest@64d7f7e0]" started-at="2023-07-09T04:08:35Z" name="setUp" finished-at="2023-07-09T04:08:48Z" duration-ms="13040" status="PASS">
          <reporter-output>
          </reporter-output>
        </test-method> <!-- setUp -->
        <test-method signature="CustomerNameTest()[pri:1, instance:qa.testcases.HomePageTest@64d7f7e0]" started-at="2023-07-09T04:08:48Z" name="CustomerNameTest" finished-at="2023-07-09T04:08:49Z" duration-ms="425" status="PASS">
          <reporter-output>
          </reporter-output>
        </test-method> <!-- CustomerNameTest -->
        <test-method is-config="true" signature="tearDown()[pri:0, instance:qa.testcases.HomePageTest@64d7f7e0]" started-at="2023-07-09T04:08:49Z" name="tearDown" finished-at="2023-07-09T04:08:53Z" duration-ms="4396" status="PASS">
          <reporter-output>
          </reporter-output>
        </test-method> <!-- tearDown -->
        <test-method is-config="true" signature="setUp()[pri:0, instance:qa.testcases.HomePageTest@64d7f7e0]" started-at="2023-07-09T04:10:01Z" name="setUp" finished-at="2023-07-09T04:10:15Z" duration-ms="13393" status="PASS">
          <reporter-output>
          </reporter-output>
        </test-method> <!-- setUp -->
        <test-method signature="MenuTest()[pri:2, instance:qa.testcases.HomePageTest@64d7f7e0]" started-at="2023-07-09T04:10:15Z" name="MenuTest" finished-at="2023-07-09T04:11:04Z" duration-ms="49089" status="FAIL">
          <exception class="org.openqa.selenium.NoSuchElementException">
            <message>
              <![CDATA[Unable to locate element: (//a[@class="hmenu-item"])[35]
For documentation on this error, please visit: https://selenium.dev/exceptions/#no_such_element
Build info: version: '4.9.0', revision: 'd7057100a6'
System info: os.name: 'Windows 10', os.arch: 'amd64', os.version: '10.0', java.version: '19.0.1'
Driver info: org.openqa.selenium.firefox.FirefoxDriver
Command: [170be726-8df8-434b-bc0f-2f7069791fbc, findElement {using=xpath, value=(//a[@class="hmenu-item"])[35]}]
Capabilities {acceptInsecureCerts: true, browserName: firefox, browserVersion: 115.0.1, moz:accessibilityChecks: false, moz:buildID: 20230706202047, moz:debuggerAddress: 127.0.0.1:22990, moz:geckodriverVersion: 0.33.0, moz:headless: false, moz:platformVersion: 10.0, moz:processID: 16104, moz:profile: C:\Users\Vishal\AppData\Loc..., moz:shutdownTimeout: 60000, moz:useNonSpecCompliantPointerOrigin: false, moz:webdriverClick: true, moz:windowless: false, pageLoadStrategy: normal, platformName: WINDOWS, proxy: Proxy(), se:cdp: ws://127.0.0.1:22990/devtoo..., se:cdpVersion: 85.0, setWindowRect: true, strictFileInteractability: false, timeouts: {implicit: 0, pageLoad: 300000, script: 30000}, unhandledPromptBehavior: dismiss and notify}
Session ID: 170be726-8df8-434b-bc0f-2f7069791fbc]]>
            </message>
            <full-stacktrace>
              <![CDATA[org.openqa.selenium.NoSuchElementException: Unable to locate element: (//a[@class="hmenu-item"])[35]
For documentation on this error, please visit: https://selenium.dev/exceptions/#no_such_element
Build info: version: '4.9.0', revision: 'd7057100a6'
System info: os.name: 'Windows 10', os.arch: 'amd64', os.version: '10.0', java.version: '19.0.1'
Driver info: org.openqa.selenium.firefox.FirefoxDriver
Command: [170be726-8df8-434b-bc0f-2f7069791fbc, findElement {using=xpath, value=(//a[@class="hmenu-item"])[35]}]
Capabilities {acceptInsecureCerts: true, browserName: firefox, browserVersion: 115.0.1, moz:accessibilityChecks: false, moz:buildID: 20230706202047, moz:debuggerAddress: 127.0.0.1:22990, moz:geckodriverVersion: 0.33.0, moz:headless: false, moz:platformVersion: 10.0, moz:processID: 16104, moz:profile: C:\Users\Vishal\AppData\Loc..., moz:shutdownTimeout: 60000, moz:useNonSpecCompliantPointerOrigin: false, moz:webdriverClick: true, moz:windowless: false, pageLoadStrategy: normal, platformName: WINDOWS, proxy: Proxy(), se:cdp: ws://127.0.0.1:22990/devtoo..., se:cdpVersion: 85.0, setWindowRect: true, strictFileInteractability: false, timeouts: {implicit: 0, pageLoad: 300000, script: 30000}, unhandledPromptBehavior: dismiss and notify}
Session ID: 170be726-8df8-434b-bc0f-2f7069791fbc
at java.base/jdk.internal.reflect.DirectConstructorHandleAccessor.newInstance(DirectConstructorHandleAccessor.java:67)
at java.base/java.lang.reflect.Constructor.newInstanceWithCaller(Constructor.java:500)
at java.base/java.lang.reflect.Constructor.newInstance(Constructor.java:484)
at org.openqa.selenium.remote.codec.w3c.W3CHttpResponseCodec.createException(W3CHttpResponseCodec.java:200)
at org.openqa.selenium.remote.codec.w3c.W3CHttpResponseCodec.decode(W3CHttpResponseCodec.java:133)
at org.openqa.selenium.remote.codec.w3c.W3CHttpResponseCodec.decode(W3CHttpResponseCodec.java:53)
at org.openqa.selenium.remote.HttpCommandExecutor.execute(HttpCommandExecutor.java:193)
at org.openqa.selenium.remote.service.DriverCommandExecutor.invokeExecute(DriverCommandExecutor.java:183)
at org.openqa.selenium.remote.service.DriverCommandExecutor.execute(DriverCommandExecutor.java:158)
at org.openqa.selenium.remote.RemoteWebDriver.execute(RemoteWebDriver.java:543)
at org.openqa.selenium.remote.ElementLocation$ElementFinder$2.findElement(ElementLocation.java:162)
at org.openqa.selenium.remote.ElementLocation.findElement(ElementLocation.java:60)
at org.openqa.selenium.remote.RemoteWebDriver.findElement(RemoteWebDriver.java:352)
at org.openqa.selenium.remote.RemoteWebDriver.findElement(RemoteWebDriver.java:344)
at org.openqa.selenium.support.pagefactory.DefaultElementLocator.findElement(DefaultElementLocator.java:70)
at org.openqa.selenium.support.pagefactory.internal.LocatingElementHandler.invoke(LocatingElementHandler.java:39)
at jdk.proxy2/jdk.proxy2.$Proxy16.isDisplayed(Unknown Source)
at qa.pages.HomePage.clickHomeMenu(HomePage.java:54)
at qa.testcases.HomePageTest.MenuTest(HomePageTest.java:39)
at java.base/jdk.internal.reflect.DirectMethodHandleAccessor.invoke(DirectMethodHandleAccessor.java:104)
at java.base/java.lang.reflect.Method.invoke(Method.java:578)
at org.testng.internal.MethodInvocationHelper.invokeMethod(MethodInvocationHelper.java:124)
at org.testng.internal.Invoker.invokeMethod(Invoker.java:583)
at org.testng.internal.Invoker.invokeTestMethod(Invoker.java:719)
at org.testng.internal.Invoker.invokeTestMethods(Invoker.java:989)
at org.testng.internal.TestMethodWorker.invokeTestMethods(TestMethodWorker.java:125)
at org.testng.internal.TestMethodWorker.run(TestMethodWorker.java:109)
at org.testng.TestRunner.privateRun(TestRunner.java:648)
at org.testng.TestRunner.run(TestRunner.java:505)
at org.testng.SuiteRunner.runTest(SuiteRunner.java:455)
at org.testng.SuiteRunner.runSequentially(SuiteRunner.java:450)
at org.testng.SuiteRunner.privateRun(SuiteRunner.java:415)
at org.testng.SuiteRunner.run(SuiteRunner.java:364)
at org.testng.SuiteRunnerWorker.runSuite(SuiteRunnerWorker.java:52)
at org.testng.SuiteRunnerWorker.run(SuiteRunnerWorker.java:84)
at org.testng.TestNG.runSuitesSequentially(TestNG.java:1208)
at org.testng.TestNG.runSuitesLocally(TestNG.java:1137)
at org.testng.TestNG.runSuites(TestNG.java:1049)
at org.testng.TestNG.run(TestNG.java:1017)
at org.apache.maven.surefire.testng.TestNGExecutor.run(TestNGExecutor.java:135)
at org.apache.maven.surefire.testng.TestNGDirectoryTestSuite.executeMulti(TestNGDirectoryTestSuite.java:193)
at org.apache.maven.surefire.testng.TestNGDirectoryTestSuite.execute(TestNGDirectoryTestSuite.java:94)
at org.apache.maven.surefire.testng.TestNGProvider.invoke(TestNGProvider.java:146)
at org.apache.maven.surefire.booter.ForkedBooter.invokeProviderInSameClassLoader(ForkedBooter.java:384)
at org.apache.maven.surefire.booter.ForkedBooter.runSuitesInProcess(ForkedBooter.java:345)
at org.apache.maven.surefire.booter.ForkedBooter.execute(ForkedBooter.java:126)
at org.apache.maven.surefire.booter.ForkedBooter.main(ForkedBooter.java:418)
]]>
            </full-stacktrace>
          </exception> <!-- org.openqa.selenium.NoSuchElementException -->
          <reporter-output>
          </reporter-output>
        </test-method> <!-- MenuTest -->
        <test-method is-config="true" signature="tearDown()[pri:0, instance:qa.testcases.HomePageTest@64d7f7e0]" started-at="2023-07-09T04:11:04Z" name="tearDown" finished-at="2023-07-09T04:11:07Z" duration-ms="3642" status="PASS">
          <reporter-output>
          </reporter-output>
        </test-method> <!-- tearDown -->
      </class> <!-- qa.testcases.HomePageTest -->
    </test> <!-- Surefire test -->
  </suite> <!-- Surefire suite -->
</testng-results>
